<?xml version="1.0" encoding="UTF-8"?>
<!-- Generated by org.testng.reporters.JUnitXMLReporter -->
<testsuite ignored="5" hostname="DESKTOP-AR0DV53" failures="0" tests="3" name="Test" time="0.116" errors="0" timestamp="2022-06-21T13:36:09 IST">
  <testcase classname="Test.TestNGAnnotation1" name="test1" time="0.021"/>
  <testcase classname="Test.TestNGAnnotation1" name="test3" time="0.002"/>
  <testcase classname="Test.TestNGAnnotation1" name="test3" time="0.003"/>
  <testcase classname="Test.TestNGAnnotation1" name="test7" time="0.0">
    <ignored/>
  </testcase> <!-- test7 -->
  <testcase classname="Test.TestNGAnnotation1" name="test6" time="0.0">
    <ignored/>
  </testcase> <!-- test6 -->
  <testcase classname="Test.TestNGAnnotation1" name="test5" time="0.0">
    <ignored/>
  </testcase> <!-- test5 -->
  <testcase classname="Test.TestNGAnnotation1" name="test4" time="0.0">
    <ignored/>
  </testcase> <!-- test4 -->
  <testcase classname="Test.TestNGAnnotation1" name="test2" time="0.0">
    <ignored/>
  </testcase> <!-- test2 -->
</testsuite> <!-- Test -->
